[2025-04-05T10:24:58.633Z] 🕑 Cron job scheduled to run every hour
[2025-04-05T10:32:22.743Z] 🕑 Cron job scheduled to run every minute
[2025-04-05T10:33:00.994Z] ⏳ Running cron job to fetch products...
[2025-04-05T10:33:01.004Z] ❌ Cron Error: Invalid URL
[2025-04-05T10:34:00.373Z] ⏳ Running cron job to fetch products...
[2025-04-05T10:34:00.376Z] ❌ Cron Error: Invalid URL
[2025-04-05T10:35:00.764Z] ⏳ Running cron job to fetch products...
[2025-04-05T10:35:00.766Z] ❌ Cron Error: Invalid URL
[2025-04-05T10:36:00.136Z] ⏳ Running cron job to fetch products...
[2025-04-05T10:36:00.137Z] ❌ Cron Error: Invalid URL
[2025-04-05T10:37:00.566Z] ⏳ Running cron job to fetch products...
[2025-04-05T10:37:00.568Z] ❌ Cron Error: Invalid URL
[2025-04-05T10:39:00.433Z] ⏳ Running cron job to fetch products...
[2025-04-05T10:39:00.435Z] ❌ Cron Error: Invalid URL
[2025-04-05T10:40:00.802Z] ⏳ Running cron job to fetch products...
[2025-04-05T10:40:00.803Z] ❌ Cron Error: Invalid URL
[2025-04-05T10:41:00.216Z] ⏳ Running cron job to fetch products...
[2025-04-05T10:41:00.217Z] ❌ Cron Error: Invalid URL
[2025-04-05T10:41:40.997Z] 🕑 Cron job scheduled to run every minute
[2025-04-05T10:42:00.111Z] ⏳ Running cron job to fetch products...
[2025-04-05T10:42:00.433Z] ❌ Cron Error: Cannot read properties of undefined (reading 'findOrCreate')
[2025-04-05T10:43:00.509Z] ⏳ Running cron job to fetch products...
[2025-04-05T10:43:01.100Z] ❌ Cron Error: Cannot read properties of undefined (reading 'findOrCreate')
[2025-04-05T10:44:00.969Z] ⏳ Running cron job to fetch products...
[2025-04-05T10:44:01.173Z] ❌ Cron Error: Cannot read properties of undefined (reading 'findOrCreate')
[2025-04-05T10:45:00.365Z] ⏳ Running cron job to fetch products...
[2025-04-05T10:45:00.854Z] ❌ Cron Error: Cannot read properties of undefined (reading 'findOrCreate')
[2025-04-05T10:46:00.735Z] ⏳ Running cron job to fetch products...
[2025-04-05T10:46:01.034Z] ❌ Cron Error: Cannot read properties of undefined (reading 'findOrCreate')
[2025-04-05T10:47:00.177Z] ⏳ Running cron job to fetch products...
[2025-04-05T10:47:00.508Z] ❌ Cron Error: Cannot read properties of undefined (reading 'findOrCreate')
[2025-04-05T10:48:00.623Z] ⏳ Running cron job to fetch products...
[2025-04-05T10:48:00.885Z] ❌ Cron Error: Cannot read properties of undefined (reading 'findOrCreate')
[2025-04-05T10:49:00.003Z] ⏳ Running cron job to fetch products...
[2025-04-05T10:49:00.360Z] ❌ Cron Error: Cannot read properties of undefined (reading 'findOrCreate')
[2025-04-05T10:50:00.449Z] ⏳ Running cron job to fetch products...
[2025-04-05T10:50:00.749Z] ❌ Cron Error: Cannot read properties of undefined (reading 'findOrCreate')
[2025-04-05T10:50:22.608Z] 🕑 Cron job scheduled to run every minute
[2025-04-05T10:51:00.863Z] ⏳ Running cron job to fetch products...
[2025-04-05T10:51:01.375Z] ✅ Products fetched and stored successfully
[2025-04-05T10:52:00.267Z] ⏳ Running cron job to fetch products...
[2025-04-05T10:52:00.620Z] ✅ Products fetched and stored successfully
[2025-04-05T10:53:00.730Z] ⏳ Running cron job to fetch products...
[2025-04-05T10:53:01.073Z] ✅ Products fetched and stored successfully
[2025-04-05T10:54:00.153Z] ⏳ Running cron job to fetch products...
[2025-04-05T10:54:00.486Z] ✅ Products fetched and stored successfully
[2025-04-05T10:55:00.558Z] ⏳ Running cron job to fetch products...
[2025-04-05T10:55:00.872Z] ✅ Products fetched and stored successfully
[2025-04-05T10:56:00.978Z] ⏳ Running cron job to fetch products...
[2025-04-05T10:56:01.280Z] ✅ Products fetched and stored successfully
[2025-04-05T10:57:00.413Z] ⏳ Running cron job to fetch products...
[2025-04-05T10:57:00.671Z] ✅ Products fetched and stored successfully
[2025-04-05T10:58:00.857Z] ⏳ Running cron job to fetch products...
[2025-04-05T10:58:01.167Z] ✅ Products fetched and stored successfully
[2025-04-05T10:59:00.277Z] ⏳ Running cron job to fetch products...
[2025-04-05T10:59:00.584Z] ✅ Products fetched and stored successfully
[2025-04-05T11:00:00.711Z] ⏳ Running cron job to fetch products...
[2025-04-05T11:00:01.013Z] ✅ Products fetched and stored successfully
[2025-04-05T11:01:00.081Z] ⏳ Running cron job to fetch products...
[2025-04-05T11:01:00.399Z] ✅ Products fetched and stored successfully
[2025-04-05T11:02:00.530Z] ⏳ Running cron job to fetch products...
[2025-04-05T11:02:00.791Z] ✅ Products fetched and stored successfully
[2025-04-05T11:03:00.962Z] ⏳ Running cron job to fetch products...
[2025-04-05T11:03:01.264Z] ✅ Products fetched and stored successfully
[2025-04-05T11:04:00.379Z] ⏳ Running cron job to fetch products...
[2025-04-05T11:04:00.659Z] ✅ Products fetched and stored successfully
[2025-04-05T11:05:00.809Z] ⏳ Running cron job to fetch products...
[2025-04-05T11:05:01.084Z] ✅ Products fetched and stored successfully
[2025-04-05T11:06:00.227Z] ⏳ Running cron job to fetch products...
[2025-04-05T11:06:00.541Z] ✅ Products fetched and stored successfully
[2025-04-05T11:41:00.164Z] ⏳ Running cron job to fetch products...
[2025-04-05T11:41:00.460Z] ✅ Products fetched and stored successfully
[2025-04-05T11:42:00.613Z] ⏳ Running cron job to fetch products...
[2025-04-05T11:42:00.977Z] ✅ Products fetched and stored successfully
[2025-04-05T11:44:00.405Z] ⏳ Running cron job to fetch products...
[2025-04-05T11:44:00.689Z] ✅ Products fetched and stored successfully
[2025-04-05T11:45:00.798Z] ⏳ Running cron job to fetch products...
[2025-04-05T11:45:01.094Z] ✅ Products fetched and stored successfully
[2025-04-05T11:46:00.173Z] ⏳ Running cron job to fetch products...
[2025-04-05T11:46:00.505Z] ✅ Products fetched and stored successfully
[2025-04-05T11:47:00.543Z] ⏳ Running cron job to fetch products...
[2025-04-05T11:47:00.912Z] ✅ Products fetched and stored successfully
[2025-04-05T11:48:00.894Z] ⏳ Running cron job to fetch products...
[2025-04-05T11:48:01.790Z] ✅ Products fetched and stored successfully
[2025-04-05T11:49:00.230Z] ⏳ Running cron job to fetch products...
[2025-04-05T11:49:00.551Z] ✅ Products fetched and stored successfully
[2025-04-05T11:50:00.590Z] ⏳ Running cron job to fetch products...
[2025-04-05T11:50:00.921Z] ✅ Products fetched and stored successfully
[2025-04-05T11:51:00.988Z] ⏳ Running cron job to fetch products...
[2025-04-05T11:51:01.366Z] ✅ Products fetched and stored successfully
[2025-04-05T11:52:00.376Z] ⏳ Running cron job to fetch products...
[2025-04-05T11:52:00.666Z] ✅ Products fetched and stored successfully
[2025-04-05T11:53:00.804Z] ⏳ Running cron job to fetch products...
[2025-04-05T11:53:01.093Z] ✅ Products fetched and stored successfully
[2025-04-05T11:54:00.193Z] ⏳ Running cron job to fetch products...
[2025-04-05T11:54:00.507Z] ✅ Products fetched and stored successfully
[2025-04-05T11:55:00.597Z] ⏳ Running cron job to fetch products...
[2025-04-05T11:55:00.910Z] ✅ Products fetched and stored successfully
[2025-04-05T12:03:00.507Z] ⏳ Running cron job to fetch products...
[2025-04-05T12:03:02.589Z] ✅ Products fetched and stored successfully
[2025-04-05T12:04:00.918Z] ⏳ Running cron job to fetch products...
[2025-04-05T12:04:01.226Z] ✅ Products fetched and stored successfully
[2025-04-05T12:18:00.685Z] ⏳ Running cron job to fetch products...
[2025-04-05T12:18:01.155Z] ✅ Products fetched and stored successfully
[2025-04-05T12:19:00.142Z] ⏳ Running cron job to fetch products...
[2025-04-05T12:19:00.518Z] ✅ Products fetched and stored successfully
[2025-04-05T12:20:00.509Z] ⏳ Running cron job to fetch products...
[2025-04-05T12:20:02.497Z] ✅ Products fetched and stored successfully
[2025-04-05T12:21:00.825Z] ⏳ Running cron job to fetch products...
[2025-04-05T12:21:01.064Z] ✅ Products fetched and stored successfully
[2025-04-05T12:22:00.115Z] ⏳ Running cron job to fetch products...
[2025-04-05T12:22:00.498Z] ✅ Products fetched and stored successfully
[2025-04-05T12:23:00.459Z] ⏳ Running cron job to fetch products...
[2025-04-05T12:23:00.820Z] ✅ Products fetched and stored successfully
[2025-04-05T12:24:00.903Z] ⏳ Running cron job to fetch products...
[2025-04-05T12:24:01.244Z] ✅ Products fetched and stored successfully
[2025-04-05T12:25:00.259Z] ⏳ Running cron job to fetch products...
[2025-04-05T12:25:00.651Z] ✅ Products fetched and stored successfully
[2025-04-05T12:26:00.608Z] ⏳ Running cron job to fetch products...
[2025-04-05T12:26:00.925Z] ✅ Products fetched and stored successfully
[2025-04-05T12:26:10.230Z] 🕑 Cron job scheduled to run every minute
[2025-04-05T12:27:00.589Z] ⏳ Running cron job to fetch products...
[2025-04-05T12:27:00.944Z] ✅ Products fetched and stored successfully
[2025-04-05T12:28:00.981Z] ⏳ Running cron job to fetch products...
[2025-04-05T12:28:01.338Z] ✅ Products fetched and stored successfully
[2025-04-05T12:29:00.346Z] ⏳ Running cron job to fetch products...
[2025-04-05T12:29:00.673Z] ✅ Products fetched and stored successfully
[2025-04-05T12:30:00.808Z] ⏳ Running cron job to fetch products...
[2025-04-05T12:30:01.093Z] ✅ Products fetched and stored successfully
